Determining if the strtod_l exist failed with the following output:
Change Dir: /home/averrin/projects/hellfrost/libs/liblog/build/CMakeFiles/CMakeTmp

Run Build Command(s):/bin/make cmTC_17881/fast 
/bin/make -f CMakeFiles/cmTC_17881.dir/build.make CMakeFiles/cmTC_17881.dir/build
make[1]: Entering directory '/home/averrin/projects/hellfrost/libs/liblog/build/CMakeFiles/CMakeTmp'
Building C object CMakeFiles/cmTC_17881.dir/CheckSymbolExists.c.o
/usr/local/bin/gcc    -o CMakeFiles/cmTC_17881.dir/CheckSymbolExists.c.o   -c /home/averrin/projects/hellfrost/libs/liblog/build/CMakeFiles/CMakeTmp/CheckSymbolExists.c
/home/averrin/projects/hellfrost/libs/liblog/build/CMakeFiles/CMakeTmp/CheckSymbolExists.c: In function ‘main’:
/home/averrin/projects/hellfrost/libs/liblog/build/CMakeFiles/CMakeTmp/CheckSymbolExists.c:8:19: error: ‘strtod_l’ undeclared (first use in this function); did you mean ‘strtoull’?
    8 |   return ((int*)(&strtod_l))[argc];
      |                   ^~~~~~~~
      |                   strtoull
/home/averrin/projects/hellfrost/libs/liblog/build/CMakeFiles/CMakeTmp/CheckSymbolExists.c:8:19: note: each undeclared identifier is reported only once for each function it appears in
make[1]: *** [CMakeFiles/cmTC_17881.dir/build.make:66: CMakeFiles/cmTC_17881.dir/CheckSymbolExists.c.o] Error 1
make[1]: Leaving directory '/home/averrin/projects/hellfrost/libs/liblog/build/CMakeFiles/CMakeTmp'
make: *** [Makefile:121: cmTC_17881/fast] Error 2

File /home/averrin/projects/hellfrost/libs/liblog/build/CMakeFiles/CMakeTmp/CheckSymbolExists.c:
/* */
#include <stdlib.h>

int main(int argc, char** argv)
{
  (void)argv;
#ifndef strtod_l
  return ((int*)(&strtod_l))[argc];
#else
  (void)argc;
  return 0;
#endif
}

